This is LuaHBTeX, Version 1.12.0 (TeX Live 2020/Debian)  (format=lualatex 2021.4.2)  7 APR 2021 14:27
 restricted system commands enabled.
**panorama.tex
(./panorama.tex
LaTeX2e <2020-10-01> patch level 4
Lua module: luaotfload 2021-01-08 3.17 Lua based OpenType font support
Lua module: lualibs 2020-12-30 2.73 ConTeXt Lua standard libraries.
Lua module: lualibs-extended 2020-12-30 2.73 ConTeXt Lua libraries -- extended c
ollection.
luaotfload | conf : Root cache directory is "/home/unyxt/.texlive2020/texmf-var/
luatex-cache/generic/names".
luaotfload | init : Loading fontloader "fontloader-2021-01-07.lua" from kpse-res
olved path "/usr/share/texlive/texmf-dist/tex/luatex/luaotfload/fontloader-2021-
01-07.lua".
Lua-only attribute luaotfload@noligature = 1
Lua-only attribute luaotfload@syllabe = 2
luaotfload | init : Context OpenType loader version 0x1.8e76c8b439581p+1
Inserting `luaotfload.node_processor' at position 1 in `pre_linebreak_filter'.
Inserting `luaotfload.node_processor' at position 1 in `hpack_filter'.
Inserting `luaotfload.glyph_stream' at position 1 in `glyph_stream_provider'.
Inserting `luaotfload.define_font' at position 1 in `define_font'.
Lua-only attribute luaotfload_color_attribute = 3
luaotfload | conf : Root cache directory is "/home/unyxt/.texlive2020/texmf-var/
luatex-cache/generic/names".
Inserting `luaotfload.harf.strip_prefix' at position 1 in `find_opentype_file'.
Inserting `luaotfload.harf.strip_prefix' at position 1 in `find_truetype_file'.
Inserting `luaotfload.harf.finalize_vlist' at position 1 in `post_linebreak_filt
er'.
Inserting `luaotfload.harf.finalize_hlist' at position 2 in `hpack_filter'.
Inserting `luaotfload.cleanup_files' at position 1 in `wrapup_run'.
Inserting `luaotfload.harf.finalize_unicode' at position 1 in `finish_pdffile'.
Inserting `luaotfload.glyphinfo' at position 1 in `glyph_info'.
Inserting `luaotfload.aux.set_sscale_dimens' at position 1 in `luaotfload.patch_
font'.
Inserting `luaotfload.aux.set_font_index' at position 2 in `luaotfload.patch_fon
t'.
Inserting `luaotfload.aux.patch_cambria_domh' at position 3 in `luaotfload.patch
_font'.
Inserting `luaotfload.aux.fixup_fontdata' at position 1 in `luaotfload.patch_fon
t_unsafe'.
Inserting `luaotfload.aux.set_capheight' at position 4 in `luaotfload.patch_font
'.
Inserting `luaotfload.aux.set_xheight' at position 5 in `luaotfload.patch_font'.
Inserting `luaotfload.rewrite_fontname' at position 6 in `luaotfload.patch_font'
. L3 programming layer <2021-01-09> xparse <2020-03-03>
(/usr/share/texlive/texmf-dist/tex/latex/base/article.cls
Document Class: article 2020/04/10 v1.4m Standard LaTeX document class
(/usr/share/texlive/texmf-dist/tex/latex/base/size12.clo
File: size12.clo 2020/04/10 v1.4m Standard LaTeX file (size option)
luaotfload | db : Font names database loaded from /home/unyxt/.texlive2020/texmf
-var/luatex-cache/generic/names/luaotfload-names.luc)
\c@part=\count173
\c@section=\count174
\c@subsection=\count175
\c@subsubsection=\count176
\c@paragraph=\count177
\c@subparagraph=\count178
\c@figure=\count179
\c@table=\count180
\abovecaptionskip=\skip47
\belowcaptionskip=\skip48
\bibindent=\dimen138
)
(/usr/share/texlive/texmf-dist/tex/latex/base/inputenc.sty
Package: inputenc 2020/08/01 v1.3d Input encoding file
\inpenc@prehook=\toks15
\inpenc@posthook=\toks16


Package inputenc Warning: inputenc package ignored with utf8 based engines.

) (/usr/share/texlive/texmf-dist/tex/generic/babel/babel.sty
Package: babel 2021/01/26 3.53 The Babel package

(/usr/share/texlive/texmf-dist/tex/generic/babel/babel.def
File: babel.def 2021/01/26 3.53 Babel common definitions

(/usr/share/texlive/texmf-dist/tex/generic/babel/luababel.def
\bbl@readstream=\read2
\l@dumylang=\language2
Package babel Info: Non-standard hyphenation setup on input line 117.
\l@nohyphenation=\language3
\l@usenglishmax=\language4
\l@ukenglish=\language5
\babelcatcodetablenum=\catcodetable12
\bbl@pattcodes=\catcodetable13
)
\babel@savecnt=\count181
\U@D=\dimen139
\l@babelnohyphens=\language6

(/usr/share/texlive/texmf-dist/tex/generic/babel/luababel.def
\bbl@attr@locale=\attribute4
))

! Package babel Error: Unknown option `spanish'. Either you misspelled it
(babel)                or the language definition file spanish.ldf was not foun
d.

See the babel package documentation for explanation.
Type  H <return>  for immediate help.
 ...                                              
                                                  
l.1120 \ProcessOptions*
                     
Valid options are, among others: shorthands=, KeepShorthandsActive,
activeacute, activegrave, noconfigs, safe=, main=, math=
headfoot=, strings=, config=, hyphenmap=, or a language name.

Package babel Info: You haven't specified a language. I'll use 'nil'
(babel)             as the main language. Reported on input line 1159.
(/usr/share/texlive/texmf-dist/tex/generic/babel/nil.ldf
Language: nil 2021/01/26 3.53 Nil language
\l@nil=\language7
))
(/usr/share/texlive/texmf-dist/tex/latex/endnotes/endnotes.sty
Package: endnotes 2020-01-02 endnotes package
\c@endnote=\count182
\endnotesep=\dimen140
\@enotes=\write3
)
(/usr/share/texlive/texmf-dist/tex/latex/hyperref/hyperref.sty
Package: hyperref 2020-05-15 v7.00e Hypertext links for LaTeX

(/usr/share/texlive/texmf-dist/tex/generic/ltxcmds/ltxcmds.sty
Package: ltxcmds 2020-05-10 v1.25 LaTeX kernel commands for general use (HO)
)
(/usr/share/texlive/texmf-dist/tex/generic/iftex/iftex.sty
Package: iftex 2020/03/06 v1.0d TeX engine tests
)
(/usr/share/texlive/texmf-dist/tex/generic/pdftexcmds/pdftexcmds.sty
Package: pdftexcmds 2020-06-27 v0.33 Utility functions of pdfTeX for LuaTeX (HO)


(/usr/share/texlive/texmf-dist/tex/generic/infwarerr/infwarerr.sty
Package: infwarerr 2019/12/03 v1.5 Providing info/warning/error messages (HO)
)
Package pdftexcmds Info: \pdf@primitive is available.
Package pdftexcmds Info: \pdf@ifprimitive is available.
Package pdftexcmds Info: \pdfdraftmode found.
\pdftexcmds@toks=\toks17
)
(/usr/share/texlive/texmf-dist/tex/latex/graphics/keyval.sty
Package: keyval 2014/10/28 v1.15 key=value parser (DPC)
\KV@toks@=\toks18
)
(/usr/share/texlive/texmf-dist/tex/generic/kvsetkeys/kvsetkeys.sty
Package: kvsetkeys 2019/12/15 v1.18 Key value parser (HO)
)
(/usr/share/texlive/texmf-dist/tex/generic/kvdefinekeys/kvdefinekeys.sty
Package: kvdefinekeys 2019-12-19 v1.6 Define keys (HO)
)
(/usr/share/texlive/texmf-dist/tex/generic/pdfescape/pdfescape.sty
Package: pdfescape 2019/12/09 v1.15 Implements pdfTeX's escape features (HO)
)
(/usr/share/texlive/texmf-dist/tex/latex/hycolor/hycolor.sty
Package: hycolor 2020-01-27 v1.10 Color options for hyperref/bookmark (HO)
)
(/usr/share/texlive/texmf-dist/tex/latex/letltxmacro/letltxmacro.sty
Package: letltxmacro 2019/12/03 v1.6 Let assignment for LaTeX macros (HO)
)
(/usr/share/texlive/texmf-dist/tex/latex/auxhook/auxhook.sty
Package: auxhook 2019-12-17 v1.6 Hooks for auxiliary files (HO)
)
(/usr/share/texlive/texmf-dist/tex/latex/kvoptions/kvoptions.sty
Package: kvoptions 2020-10-07 v3.14 Key value format for package options (HO)
)
\@linkdim=\dimen141
\Hy@linkcounter=\count183
\Hy@pagecounter=\count184

(/usr/share/texlive/texmf-dist/tex/latex/hyperref/pd1enc.def
File: pd1enc.def 2020-05-15 v7.00e Hyperref: PDFDocEncoding definition (HO)
)
(/usr/share/texlive/texmf-dist/tex/generic/intcalc/intcalc.sty
Package: intcalc 2019/12/15 v1.3 Expandable calculations with integers (HO)
)
(/usr/share/texlive/texmf-dist/tex/generic/etexcmds/etexcmds.sty
Package: etexcmds 2019/12/15 v1.7 Avoid name clashes with e-TeX commands (HO)
)
\Hy@SavedSpaceFactor=\count185
Package hyperref Info: Hyper figures OFF on input line 4464.
Package hyperref Info: Link nesting OFF on input line 4469.
Package hyperref Info: Hyper index ON on input line 4472.
Package hyperref Info: Plain pages OFF on input line 4479.
Package hyperref Info: Backreferencing OFF on input line 4484.
Package hyperref Info: Implicit mode ON; LaTeX internals redefined.
Package hyperref Info: Bookmarks ON on input line 4717.
\c@Hy@tempcnt=\count186

(/usr/share/texlive/texmf-dist/tex/latex/url/url.sty
\Urlmuskip=\muskip16
Package: url 2013/09/16  ver 3.4  Verb mode for urls, etc.
)
LaTeX Info: Redefining \url on input line 5076.
\XeTeXLinkMargin=\dimen142

(/usr/share/texlive/texmf-dist/tex/generic/bitset/bitset.sty
Package: bitset 2019/12/09 v1.3 Handle bit-vector datatype (HO)

(/usr/share/texlive/texmf-dist/tex/generic/bigintcalc/bigintcalc.sty
Package: bigintcalc 2019/12/15 v1.5 Expandable calculations on big integers (HO)

))
\Fld@menulength=\count187
\Field@Width=\dimen143
\Fld@charsize=\dimen144
Package hyperref Info: Hyper figures OFF on input line 6347.
Package hyperref Info: Link nesting OFF on input line 6352.
Package hyperref Info: Hyper index ON on input line 6355.
Package hyperref Info: backreferencing OFF on input line 6362.
Package hyperref Info: Link coloring OFF on input line 6367.
Package hyperref Info: Link coloring with OCG OFF on input line 6372.
Package hyperref Info: PDF/A mode OFF on input line 6377.
LaTeX Info: Redefining \ref on input line 6417.
LaTeX Info: Redefining \pageref on input line 6421.

(/usr/share/texlive/texmf-dist/tex/latex/base/atbegshi-ltx.sty
Package: atbegshi-ltx 2020/08/17 v1.0a Emulation of the original atbegshi packag
e
with kernel methods
)
\Hy@abspage=\count188
\c@Item=\count189
\c@Hfootnote=\count190
)
Package hyperref Info: Driver (autodetected): hluatex.

(/usr/share/texlive/texmf-dist/tex/latex/hyperref/hluatex.def
File: hluatex.def 2020-05-15 v7.00e Hyperref driver for luaTeX

(/usr/share/texlive/texmf-dist/tex/latex/hyperref/puenc.def
File: puenc.def 2020-05-15 v7.00e Hyperref: PDF Unicode definition (HO)
)
(/usr/share/texlive/texmf-dist/tex/generic/stringenc/stringenc.sty
Package: stringenc 2019/11/29 v1.12 Convert strings between diff. encodings (HO)

)
(/usr/share/texlive/texmf-dist/tex/latex/base/atveryend-ltx.sty
Package: atveryend-ltx 2020/08/19 v1.0a Emulation of the original atvery package

with kernel methods
)
\Fld@listcount=\count191
\c@bookmark@seq@number=\count192

(/usr/share/texlive/texmf-dist/tex/latex/rerunfilecheck/rerunfilecheck.sty
Package: rerunfilecheck 2019/12/05 v1.9 Rerun checks for auxiliary files (HO)

(/usr/share/texlive/texmf-dist/tex/generic/uniquecounter/uniquecounter.sty
Package: uniquecounter 2019/12/15 v1.4 Provide unlimited unique counter (HO)
)
Package uniquecounter Info: New unique counter `rerunfilecheck' on input line 28
6.
)
\Hy@SectionHShift=\skip49
)
(/usr/share/texlive/texmf-dist/tex/latex/amsmath/amsmath.sty
Package: amsmath 2020/09/23 v2.17i AMS math features
\@mathmargin=\skip50

For additional information on amsmath, use the `?' option.
(/usr/share/texlive/texmf-dist/tex/latex/amsmath/amstext.sty
Package: amstext 2000/06/29 v2.01 AMS text

(/usr/share/texlive/texmf-dist/tex/latex/amsmath/amsgen.sty
File: amsgen.sty 1999/11/30 v2.0 generic functions
\@emptytoks=\toks19
\ex@=\dimen145
))
(/usr/share/texlive/texmf-dist/tex/latex/amsmath/amsbsy.sty
Package: amsbsy 1999/11/29 v1.2d Bold Symbols
\pmbraise@=\dimen146
)
(/usr/share/texlive/texmf-dist/tex/latex/amsmath/amsopn.sty
Package: amsopn 2016/03/08 v2.02 operator names
)
\inf@bad=\count193
LaTeX Info: Redefining \frac on input line 236.
\uproot@=\count194
\leftroot@=\count195
LaTeX Info: Redefining \overline on input line 399.
\classnum@=\count196
\DOTSCASE@=\count197
LaTeX Info: Redefining \ldots on input line 496.
LaTeX Info: Redefining \dots on input line 499.
LaTeX Info: Redefining \cdots on input line 620.
\Mathstrutbox@=\box47
\strutbox@=\box48
\big@size=\dimen147
LaTeX Font Info:    Redeclaring font encoding OML on input line 743.
LaTeX Font Info:    Redeclaring font encoding OMS on input line 744.
\macc@depth=\count198
\c@MaxMatrixCols=\count199
\dotsspace@=\muskip17
\c@parentequation=\count266
\dspbrk@lvl=\count267
\tag@help=\toks20
\row@=\count268
\column@=\count269
\maxfields@=\count270
\andhelp@=\toks21
\eqnshift@=\dimen148
\alignsep@=\dimen149
\tagshift@=\dimen150
\tagwidth@=\dimen151
\totwidth@=\dimen152
\lineht@=\dimen153
\@envbody=\toks22
\multlinegap=\skip51
\multlinetaggap=\skip52
\mathdisplay@stack=\toks23
LaTeX Info: Redefining \[ on input line 2923.
LaTeX Info: Redefining \] on input line 2924.
)
(/usr/share/texlive/texmf-dist/tex/latex/amsfonts/amsfonts.sty
Package: amsfonts 2013/01/14 v3.01 Basic AMSFonts support
\symAMSa=\mathgroup4
\symAMSb=\mathgroup5
LaTeX Font Info:    Redeclaring math symbol \hbar on input line 98.
LaTeX Font Info:    Overwriting math alphabet `\mathfrak' in version `bold'
(Font)                  U/euf/m/n --> U/euf/b/n on input line 106.
)
(/usr/share/texlive/texmf-dist/tex/latex/amsfonts/amssymb.sty
Package: amssymb 2013/01/14 v3.01 AMS font symbols
)
(/usr/share/texlive/texmf-dist/tex/latex/natbib/natbib.sty
Package: natbib 2010/09/13 8.31b (PWD, AO)
\bibhang=\skip53
\bibsep=\skip54
LaTeX Info: Redefining \cite on input line 694.
\c@NAT@ctr=\count271
)
Package hyperref Info: Option `colorlinks' set `true' on input line 23.

(/usr/share/texlive/texmf-dist/tex/latex/l3backend/l3backend-luatex.def
File: l3backend-luatex.def 2020-01-29 L3 backend support: PDF output (LuaTeX)
\l__color_backend_stack_int=\count272
\l__pdf_internal_box=\box49
)
(./panorama.aux
(/usr/share/texlive/texmf-dist/tex/generic/babel/locale/es/babel-spanish.tex
Package babel Info: Importing data for spanish
(babel)             from babel-es.ini. Reported on input line 11.
)
Package babel Info: \l@spanish = using hyphenrules for nil
(babel)             (\language7) on input line 24.
)
\openout1 = panorama.aux

LaTeX Font Info:    Checking defaults for OML/cmm/m/it on input line 42.
LaTeX Font Info:    ... okay on input line 42.
LaTeX Font Info:    Checking defaults for OMS/cmsy/m/n on input line 42.
LaTeX Font Info:    ... okay on input line 42.
LaTeX Font Info:    Checking defaults for OT1/cmr/m/n on input line 42.
LaTeX Font Info:    ... okay on input line 42.
LaTeX Font Info:    Checking defaults for T1/cmr/m/n on input line 42.
LaTeX Font Info:    ... okay on input line 42.
LaTeX Font Info:    Checking defaults for TS1/cmr/m/n on input line 42.
LaTeX Font Info:    Trying to load font information for TS1+cmr on input line 42
.

(/usr/share/texlive/texmf-dist/tex/latex/base/ts1cmr.fd
File: ts1cmr.fd 2019/12/16 v2.5j Standard LaTeX font definitions
)
LaTeX Font Info:    ... okay on input line 42.
LaTeX Font Info:    Checking defaults for TU/lmr/m/n on input line 42.
LaTeX Font Info:    ... okay on input line 42.
LaTeX Font Info:    Checking defaults for OMX/cmex/m/n on input line 42.
LaTeX Font Info:    ... okay on input line 42.
LaTeX Font Info:    Checking defaults for U/cmr/m/n on input line 42.
LaTeX Font Info:    ... okay on input line 42.
LaTeX Font Info:    Checking defaults for PD1/pdf/m/n on input line 42.
LaTeX Font Info:    ... okay on input line 42.
LaTeX Font Info:    Checking defaults for PU/pdf/m/n on input line 42.
LaTeX Font Info:    ... okay on input line 42.

(/usr/share/texlive/texmf-dist/tex/latex/graphics/color.sty
Package: color 2020/02/24 v1.2b Standard LaTeX Color (DPC)

(/usr/share/texlive/texmf-dist/tex/latex/graphics-cfg/color.cfg
File: color.cfg 2016/01/02 v1.6 sample color configuration
)
Package color Info: Driver file: luatex.def on input line 147.

(/usr/share/texlive/texmf-dist/tex/latex/graphics-def/luatex.def
File: luatex.def 2020/10/05 v1.2a Graphics/color driver for luatex

(/usr/share/texlive/texmf-dist/tex/context/base/mkii/supp-pdf.mkii
[Loading MPS to PDF converter (version 2006.09.02).]
\scratchcounter=\count273
\scratchdimen=\dimen154
\scratchbox=\box50
\nofMPsegments=\count274
\nofMParguments=\count275
\everyMPshowfont=\toks24
\MPscratchCnt=\count276
\MPscratchDim=\dimen155
\MPnumerator=\count277
\makeMPintoPDFobject=\count278
\everyMPtoPDFconversion=\toks25
)))
Package hyperref Info: Link coloring ON on input line 42.
 (/usr/share/texlive/texmf-dist/tex/latex/hyperref/nameref.sty
Package: nameref 2019/09/16 v2.46 Cross-referencing by name of section

(/usr/share/texlive/texmf-dist/tex/latex/refcount/refcount.sty
Package: refcount 2019/12/15 v3.6 Data extraction from label references (HO)
)
(/usr/share/texlive/texmf-dist/tex/generic/gettitlestring/gettitlestring.sty
Package: gettitlestring 2019/12/15 v1.6 Cleanup title references (HO)
)
\c@section@level=\count279
)
LaTeX Info: Redefining \ref on input line 42.
LaTeX Info: Redefining \pageref on input line 42.
LaTeX Info: Redefining \nameref on input line 42.

(./panorama.out) (./panorama.out)
\@outlinefile=\write4

\openout4 = panorama.out
LaTeX Font Info:    Trying to load font information for U+msa on input line 45.

(/usr/share/texlive/texmf-dist/tex/latex/amsfonts/umsa.fd
File: umsa.fd 2013/01/14 v3.01 AMS symbols A
)
LaTeX Font Info:    Trying to load font information for U+msb on input line 45.

(/usr/share/texlive/texmf-dist/tex/latex/amsfonts/umsb.fd
File: umsb.fd 2013/01/14 v3.01 AMS symbols B
)
(./sections/abstract.tex
Underfull \hbox (badness 10000) in paragraph at lines 2--3
\TU/lmr/m/n/12 instituciones públicas e industrias a
 []


Underfull \hbox (badness 4927) in paragraph at lines 4--5
\TU/lmr/m/n/12 un conjunto de módulos de código y
 []


Underfull \hbox (badness 10000) in paragraph at lines 4--5
\TU/lmr/m/n/12 enuncia discusiones que surgieron
 []


Underfull \hbox (badness 3354) in paragraph at lines 4--5
\TU/lmr/m/n/12 durante la activación del espacio sobre
 []

) (./sections/keywords.tex)
Underfull \hbox (badness 1769) in paragraph at lines 2--51
\TU/lmr/m/n/10.95 3d, audio, video, materialidad, virtualidad,
 []

(./sections/ecosistema.tex
\openout3 = panorama.ent

Underfull \hbox (badness 6001) in paragraph at lines 6--8
\TU/lmr/m/n/10.95 pudieran compartir una experiencia ligera
 []


Underfull \hbox (badness 1688) in paragraph at lines 6--8
\TU/lmr/m/n/10.95 para el navegador de manera co-presencial,
 []


Underfull \hbox (badness 1057) in paragraph at lines 6--8
\TU/lmr/m/n/10.95 Los eventos realizados en el marco de este
 []


Underfull \hbox (badness 1303) in paragraph at lines 9--10
\TU/lmr/m/n/10.95 selección de eventos como casos de estudio
 []


Underfull \hbox (badness 3536) in paragraph at lines 9--10
\TU/lmr/m/n/10.95 principal del software desarrollado: \TU/lmr/m/it/10.95 Notas
 []


Underfull \hbox (badness 10000) in paragraph at lines 9--10
\TU/lmr/m/it/10.95 de Ausencia[] \TU/lmr/m/n/10.95 de Marianne Teixido, \TU/lmr
/m/it/10.95 La
 []


Underfull \hbox (badness 5147) in paragraph at lines 9--10
\TU/lmr/m/n/10.95 Sotomayor y \TU/lmr/m/it/10.95 threecln[] \TU/lmr/m/n/10.95 de
 Emilio Ocelotl.
 []


Underfull \hbox (badness 1009) in paragraph at lines 9--10
\TU/lmr/m/n/10.95 Complementamos la descripción con algunos
 []


Underfull \hbox (badness 10000) in paragraph at lines 11--12
\TU/lmr/m/n/10.95 y de investigación académica) y utiliza
 []


Underfull \hbox (badness 3333) in paragraph at lines 11--12
\TU/lmr/m/n/10.95 estos hilos para entretejer la investigación
 []


Underfull \hbox (badness 10000) in paragraph at lines 11--12
\TU/lmr/m/n/10.95 transdisciplinaria. Se adscribe a los
 []


Underfull \hbox (badness 1796) in paragraph at lines 11--12
\TU/lmr/m/n/10.95 planteamientos de los estudios del software
 []


Underfull \hbox (badness 2980) in paragraph at lines 11--12
\TU/lmr/m/n/10.95 y busca extender la discusión del terreno
 []


Underfull \hbox (badness 1688) in paragraph at lines 11--12
\TU/lmr/m/n/10.95 buscamos problematizar el papel que juega
 []


Underfull \hbox (badness 2269) in paragraph at lines 11--12
\TU/lmr/m/n/10.95 la computadora (local o en servidores) en
 []


Underfull \hbox (badness 6876) in paragraph at lines 11--12
\TU/lmr/m/n/10.95 la realización de actividades musicales y
 []

[1{/var/lib/texmf/fonts/map/pdftex/updmap/pdftex.map}


]
Underfull \hbox (badness 2111) in paragraph at lines 23--24
\TU/lmr/m/n/10.95 Esta plataforma resuelve el backend de la
 []


Underfull \hbox (badness 1184) in paragraph at lines 27--28
\TU/lmr/m/n/10.95 al vuelo[] fueron organizados en FabricaVR,
 []


Underfull \hbox (badness 1231) in paragraph at lines 27--28
\TU/lmr/m/n/10.95 de comunidades que antes de la pandemia,
 []


Underfull \hbox (badness 10000) in paragraph at lines 27--28
\TU/lmr/m/n/10.95 realizaban conciertos con tecnologías de
 []


Underfull \hbox (badness 2932) in paragraph at lines 29--30
\TU/lmr/m/n/10.95 eventos similares con módulos de software
 []


Underfull \hbox (badness 10000) in paragraph at lines 29--30
\TU/lmr/m/n/10.95 OXXXO de Carlos Pesina que en co-
 []


Underfull \hbox (badness 10000) in paragraph at lines 31--32
[]\TU/lmr/m/it/10.95 A-frame[] \TU/lmr/m/n/10.95 fue una solución alternativa
 []


Underfull \hbox (badness 10000) in paragraph at lines 31--32
\TU/lmr/m/n/10.95 a Mozilla Hubs para la realización de
 []


Underfull \hbox (badness 6493) in paragraph at lines 31--32
\TU/lmr/m/n/10.95 eventos virtuales. \TU/lmr/m/it/10.95 Sinestesia[] \TU/lmr/m/
n/10.95 y \TU/lmr/m/it/10.95 ZeYX
 []


Underfull \hbox (badness 7740) in paragraph at lines 31--32
\TU/lmr/m/n/10.95 (comunicación entre pares, transmisión y
 []


Underfull \hbox (badness 10000) in paragraph at lines 33--34
[]\TU/lmr/m/n/10.95 Finalmente, \TU/lmr/m/it/10.95 federacion-de-codigo-al-vuelo

 []


Underfull \hbox (badness 10000) in paragraph at lines 33--34
\TU/lmr/m/n/10.95 ([][]federaciondecodigoalvuelo[][], [][]2020[][]) fue el
 []


Underfull \hbox (badness 3657) in paragraph at lines 33--34
\TU/lmr/m/n/10.95 parteaguas de algunas ideas centrales que
 []


Underfull \hbox (badness 5431) in paragraph at lines 33--34
\TU/lmr/m/n/10.95 desembocaron en \TU/lmr/m/it/10.95 Panorama \TU/lmr/m/n/10.95
 pero también
 []


Underfull \hbox (badness 2359) in paragraph at lines 33--34
\TU/lmr/m/n/10.95 de colaboración con la \TU/lmr/m/it/10.95 federación \TU/lm
r/m/n/10.95 permitió
 []


Underfull \hbox (badness 5331) in paragraph at lines 33--34
\TU/lmr/m/n/10.95 que pudieran resolver aspectos específicos.
 []


Underfull \hbox (badness 1019) in paragraph at lines 33--34
\TU/lmr/m/n/10.95 Tal es el caso de un chat o alguna forma
 []


Underfull \hbox (badness 1242) in paragraph at lines 33--34
\TU/lmr/m/n/10.95 desprendieron de la \TU/lmr/m/it/10.95 federación \TU/lmr/m/
n/10.95 se estableció
 []

[2]
Underfull \hbox (badness 10000) in paragraph at lines 35--36
[]\TU/lmr/m/n/10.95 Los eventos anteriormente enunciados
 []


Underfull \hbox (badness 1038) in paragraph at lines 35--36
\TU/lmr/m/n/10.95 resolvieron la transmisión de audio y video
 []


Underfull \hbox (badness 10000) in paragraph at lines 35--36
\TU/lmr/m/n/10.95 con plataformas privativas de streaming
 []


Underfull \hbox (badness 1325) in paragraph at lines 35--36
\TU/lmr/m/n/10.95 como YouTube y Twitch; plataformas para
 []


Underfull \hbox (badness 3568) in paragraph at lines 35--36
\TU/lmr/m/n/10.95 Sagora, jacktrip y Sonobus y plataformas
 []


Underfull \hbox (badness 2042) in paragraph at lines 35--36
\TU/lmr/m/n/10.95 para el montaje de servidores de audio y
 []

) (./sections/escritura.tex
Underfull \hbox (badness 10000) in paragraph at lines 37--2
[]\TU/lmr/m/n/10.95 De la experiencia como asistentes,
 []


Underfull \hbox (badness 10000) in paragraph at lines 37--2
\TU/lmr/m/n/10.95 como ejecutantes y como incipientes
 []


Underfull \hbox (badness 10000) in paragraph at lines 37--2
\TU/lmr/m/n/10.95 investigadores/escritores de código en
 []


Underfull \hbox (badness 1728) in paragraph at lines 37--2
\TU/lmr/m/n/10.95 plataformas y eventos que implicaron estas
 []


Underfull \hbox (badness 5771) in paragraph at lines 37--2
\TU/lmr/m/n/10.95 y eventos que contuvieron e incluso del
 []


Underfull \hbox (badness 8113) in paragraph at lines 10--11
[]\TU/lmr/m/n/10.95 Transmisión audiovisual en vivo que
 []


Underfull \hbox (badness 10000) in paragraph at lines 10--11
\TU/lmr/m/n/10.95 permitiera simular la experiencia de
 []


Underfull \hbox (badness 10000) in paragraph at lines 10--11
\TU/lmr/m/n/10.95 asistencia a conciertos para eventos
 []


Underfull \hbox (badness 2529) in paragraph at lines 12--13
[]\TU/lmr/m/n/10.95 Sistemas fáciles de instalar, recrear y
 []


Underfull \hbox (badness 10000) in paragraph at lines 14--15
\TU/lmr/m/n/10.95 que respondiera a las necesidades
 []


Underfull \hbox (badness 10000) in paragraph at lines 14--15
\TU/lmr/m/n/10.95 performativas, posibilidades futuras
 []


Underfull \hbox (badness 1270) in paragraph at lines 17--18
[]\TU/lmr/m/it/10.95 Panorama \TU/lmr/m/n/10.95 se escribió para entornos web,
 []


Underfull \hbox (badness 3039) in paragraph at lines 17--18
\TU/lmr/m/n/10.95 avances en la tecnología web permiten la
 []


Underfull \hbox (badness 10000) in paragraph at lines 19--20
[]\TU/lmr/m/n/10.95 Three.js como \TU/lmr/m/it/10.95 framework \TU/lmr/m/n/10.9
5 implementa
 []


Underfull \hbox (badness 2368) in paragraph at lines 19--20
\TU/lmr/m/n/10.95 webGL y asegura la rápida codificación y
 []


Underfull \hbox (badness 2573) in paragraph at lines 19--20
\TU/lmr/m/n/10.95 importar modelos hechos en programas de
 []


Underfull \hbox (badness 1721) in paragraph at lines 19--20
\TU/lmr/m/n/10.95 modelado tridimensional, efectos y módulos
 []


Underfull \hbox (badness 1199) in paragraph at lines 19--20
\TU/lmr/m/n/10.95 para la reproducción de audio en web con
 []


Underfull \hbox (badness 3679) in paragraph at lines 19--20
\TU/lmr/m/n/10.95 y compartidos de materiales y geometrías
 []

[3]
Underfull \hbox (badness 2334) in paragraph at lines 21--22
\TU/lmr/m/n/10.95 evita el mercado exclusivo de servicios de
 []


Underfull \hbox (badness 2111) in paragraph at lines 21--22
\TU/lmr/m/n/10.95 limitados. De manera complementaria, el
 []


Underfull \hbox (badness 2237) in paragraph at lines 21--22
\TU/lmr/m/n/10.95 sistema de \TU/lmr/m/it/10.95 streaming \TU/lmr/m/n/10.95 pers
onalizado permite
 []


Underfull \hbox (badness 1688) in paragraph at lines 21--22
\TU/lmr/m/n/10.95 controlar la cantidad de recursos usados y
 []


Underfull \hbox (badness 1043) in paragraph at lines 21--22
\TU/lmr/m/n/10.95 usuarios conectados. Los formatos para la
 []


Underfull \hbox (badness 2050) in paragraph at lines 21--22
\TU/lmr/m/n/10.95 Real-Time Communication) y MPEG-DASH
 []


Underfull \hbox (badness 4328) in paragraph at lines 23--24
[]\TU/lmr/m/n/10.95 Las características actuales presentes en
 []


Underfull \hbox (badness 10000) in paragraph at lines 23--24
\TU/lmr/m/n/10.95 Language) permiten utilizar formatos de
 []


Underfull \hbox (badness 6625) in paragraph at lines 23--24
\TU/lmr/m/n/10.95 streaming no nativos con \TU/lmr/m/it/10.95 frameworks \TU/lm
r/m/n/10.95 de
 []


Underfull \hbox (badness 3735) in paragraph at lines 23--24
\TU/lmr/m/n/10.95 decodificación para el despliegue de video
 []


Underfull \hbox (badness 4108) in paragraph at lines 23--24
\TU/lmr/m/n/10.95 en formatos soportados por el navegador.
 []


Underfull \vbox (badness 2828) has occurred while \output is active []

)
(./sections/notasypruebas.tex
Underfull \hbox (badness 1701) in paragraph at lines 6--7
\TU/lmr/m/n/10.95 las desapariciones de mujeres en México y
 []


Underfull \hbox (badness 1845) in paragraph at lines 10--11
[]\TU/lmr/m/n/10.95 La narrativa de la pieza está articulada
 []


Underfull \hbox (badness 10000) in paragraph at lines 10--11
\TU/lmr/m/n/10.95 #MéxicoFeminicida, #MadresEnBúsqueda,
 []


Underfull \hbox (badness 10000) in paragraph at lines 10--11
\TU/lmr/m/n/10.95 #ViolenciadeGenero, #NiUnaMenos, entre
 []

[4]
Underfull \hbox (badness 4872) in paragraph at lines 14--15
[]\TU/lmr/m/it/10.95 Pruebas Proféticas \TU/lmr/m/n/10.95 fue el evento piloto
 []


Underfull \hbox (badness 1558) in paragraph at lines 14--15
\TU/lmr/m/n/10.95 que implementó por primera vez dos tipos
 []


Underfull \hbox (badness 10000) in paragraph at lines 14--15
\TU/lmr/m/n/10.95 de tecnologías específicas: exploración
 []


Underfull \hbox (badness 2680) in paragraph at lines 16--17
[]\TU/lmr/m/n/10.95 Este espacio de prueba consistió en un
 []


Underfull \hbox (badness 1087) in paragraph at lines 16--17
\TU/lmr/m/n/10.95 incipiente modo de exploración co-presencial
 []


Underfull \hbox (badness 1231) in paragraph at lines 18--19
[]\TU/lmr/m/n/10.95 La transmisión de audio y video fue un
 []


Underfull \hbox (badness 10000) in paragraph at lines 20--21
[]\TU/lmr/m/n/10.95 La concatenación de software estuvo
 []


Underfull \hbox (badness 4518) in paragraph at lines 20--21
\TU/lmr/m/n/10.95 delimitado por la experiencia de usuarios
 []


Underfull \hbox (badness 1308) in paragraph at lines 20--21
\TU/lmr/m/n/10.95 hipotéticos. Esto nos llevo a plantear los
 []


Underfull \hbox (badness 1715) in paragraph at lines 20--21
\TU/lmr/m/n/10.95 experiencia inmersiva. Como la propuesta
 []


Underfull \hbox (badness 1215) in paragraph at lines 20--21
\TU/lmr/m/n/10.95 ejecutada con programas de interfaz gráfica
 []


Underfull \hbox (badness 1558) in paragraph at lines 26--27
\TU/lmr/m/n/10.95 EDGES. El concepto curatorial de \TU/lmr/m/it/10.95 EDGES
 []


Underfull \hbox (badness 1178) in paragraph at lines 26--27
\TU/lmr/m/n/10.95 intereseccional, perspectiva desde la cual se
 []


Underfull \hbox (badness 1377) in paragraph at lines 26--27
\TU/lmr/m/n/10.95 y clase, a partir de la cuales se establece
 []


Underfull \hbox (badness 1377) in paragraph at lines 26--27
\TU/lmr/m/n/10.95 dadas para apuntar a la creación de estas
 []


Underfull \hbox (badness 7308) in paragraph at lines 26--27
\TU/lmr/m/n/10.95 de organización colectiva y conocimientos
 []


Underfull \hbox (badness 4229) in paragraph at lines 26--27
\TU/lmr/m/n/10.95 situados. \TU/lmr/m/it/10.95 EDGES 2020 \TU/lmr/m/n/10.95 como
 propuesta
 []


Underfull \hbox (badness 1824) in paragraph at lines 26--27
\TU/lmr/m/n/10.95 curatorial contempla la participación en su
 []


Underfull \hbox (badness 1590) in paragraph at lines 26--27
\TU/lmr/m/n/10.95 mayoría de mujeres y persona no binaries.
 []


Underfull \hbox (badness 1142) in paragraph at lines 26--27
\TU/lmr/m/n/10.95 Las obras dialogan con las hibridaciones e-
 []

[5]) (./sections/contemplacion.tex
Underfull \hbox (badness 10000) in paragraph at lines 17--18
\TU/lmr/m/it/10.95 Distopía\TU/lmr/m/n/10.95 , \TU/lmr/m/it/10.95 NLXS + NK\TU
/lmr/m/n/10.95 , \TU/lmr/m/it/10.95 Interconexión\TU/lmr/m/n/10.95 ,
 []


Underfull \hbox (badness 3815) in paragraph at lines 17--18
\TU/lmr/m/it/10.95 setInterval() \TU/lmr/m/n/10.95 y \TU/lmr/m/it/10.95 La Conte
mplación del Fin
 []


Underfull \hbox (badness 3930) in paragraph at lines 21--22
\TU/lmr/m/n/10.95 del performance, el mundo explorable, la
 []


Underfull \hbox (badness 1902) in paragraph at lines 23--24
[]\TU/lmr/m/n/10.95 Uno de los aspectos a destacar de este
 []


Underfull \hbox (badness 1286) in paragraph at lines 23--24
\TU/lmr/m/n/10.95 compartida. Adicionalmente se implementó
 []


Underfull \hbox (badness 2781) in paragraph at lines 25--26
\TU/lmr/m/n/10.95 geográfica o dispositivo. Esta posibilidad
 []


Underfull \hbox (badness 1721) in paragraph at lines 25--26
\TU/lmr/m/n/10.95 permite la interacción del artista y genera
 []

) (./sections/three.tex
Underfull \hbox (badness 2635) in paragraph at lines 4--5
\TU/lmr/m/n/10.95 en el navegador a partir de lenguajes de
 []


Underfull \hbox (badness 2790) in paragraph at lines 6--7
[]\TU/lmr/m/n/10.95 La primera instancia de \TU/lmr/m/it/10.95 THREE.studies\TU
/lmr/m/n/10.95 ,
 []

[6]
Underfull \hbox (badness 1975) in paragraph at lines 12--13
\TU/lmr/m/n/10.95 las relaciones que existen entre usuarios y
 []


Underfull \hbox (badness 1939) in paragraph at lines 12--13
\TU/lmr/m/n/10.95 plataformas tecnológicas; es un paso hacia
 []


Underfull \hbox (badness 1521) in paragraph at lines 16--17
\TU/lmr/m/n/10.95 la ofuscación en el uso de tecnologías que
 []

) (./sections/discusion.tex
Underfull \hbox (badness 10000) in paragraph at lines 4--5
\TU/lmr/m/n/10.95 La investigación detectó funcionalidad y
 []


Underfull \hbox (badness 1389) in paragraph at lines 6--7
\TU/lmr/m/n/10.95 módulos y el uso de frameworks dedicados
 []


Underfull \hbox (badness 4266) in paragraph at lines 6--7
\TU/lmr/m/n/10.95 motores de audio como Web Audio API
 []


Underfull \hbox (badness 3679) in paragraph at lines 6--7
\TU/lmr/m/n/10.95 o plataformas de transmisión de audio y
 []


Underfull \hbox (badness 2538) in paragraph at lines 6--7
\TU/lmr/m/n/10.95 documentación convencional. La labor se
 []


Underfull \hbox (badness 1394) in paragraph at lines 6--7
\TU/lmr/m/n/10.95 complica cuando el mantenimiento de estos
 []

[7]
Underfull \hbox (badness 2512) in paragraph at lines 8--9
\TU/lmr/m/n/10.95 desde el inicio del proyecto partió de las
 []


Underfull \hbox (badness 8038) in paragraph at lines 8--9
\TU/lmr/m/n/10.95 Consideramos que procesos como los de
 []


Underfull \hbox (badness 1052) in paragraph at lines 10--11
\TU/lmr/m/n/10.95 está abierto y en constante discusión. En
 []


Underfull \hbox (badness 1867) in paragraph at lines 10--11
\TU/lmr/m/n/10.95 en los programas de interpretación musical
 []


Underfull \hbox (badness 1735) in paragraph at lines 10--11
\TU/lmr/m/n/10.95 con nuevas tecnologías. Adicionalmente el
 []


Underfull \hbox (badness 5331) in paragraph at lines 21--22
\TU/lmr/m/n/10.95 con \TU/lmr/m/it/10.95 Panorama\TU/lmr/m/n/10.95 . Puede ser 
contrapuesto
 []


Underfull \hbox (badness 1406) in paragraph at lines 21--22
\TU/lmr/m/n/10.95 con diversos conceptos que coinciden en la
 []


Underfull \hbox (badness 10000) in paragraph at lines 21--22
\TU/lmr/m/n/10.95 mercantilizadas para la distribución de
 []


Underfull \hbox (badness 10000) in paragraph at lines 21--22
\TU/lmr/m/n/10.95 experiencias de Realidad Virtual (VR)
 []


Underfull \hbox (badness 2582) in paragraph at lines 21--22
\TU/lmr/m/n/10.95 describir la experiencia de \TU/lmr/m/it/10.95 Panorama \TU/l
mr/m/n/10.95 pero
 []


Underfull \hbox (badness 10000) in paragraph at lines 21--22
\TU/lmr/m/n/10.95 exploraciones hacia dispositivos/interfaces
 []


Underfull \hbox (badness 5064) in paragraph at lines 21--22
\TU/lmr/m/n/10.95 para la interacción en estos espacios, el
 []


Underfull \hbox (badness 1902) in paragraph at lines 23--24
\TU/lmr/m/n/10.95 acto creativo. Por ejemplo \TU/lmr/m/it/10.95 live coding \TU
/lmr/m/n/10.95 y
 []


Underfull \hbox (badness 2617) in paragraph at lines 23--24
\TU/lmr/m/n/10.95 Server-Summit[][], [][]2014[][]) o la arquitectura de
 []


Underfull \hbox (badness 3312) in paragraph at lines 23--24
\TU/lmr/m/n/10.95 en redes que posibilitan espacios virtuales
 []


Underfull \hbox (badness 2617) in paragraph at lines 25--26
\TU/lmr/m/n/10.95 a partir de este se abren y desenvuelven
 []


Underfull \vbox (badness 2828) has occurred while \output is active []

 [8]
Underfull \hbox (badness 2469) in paragraph at lines 27--28
[]\TU/lmr/m/n/10.95 De este mapa ¿Podríamos establecer un
 []


Underfull \hbox (badness 2846) in paragraph at lines 27--28
\TU/lmr/m/n/10.95 que pudieran explicar las nuevas prácticas
 []


Underfull \hbox (badness 1466) in paragraph at lines 27--28
\TU/lmr/m/n/10.95 pero también a otros campos, que además
 []


Underfull \hbox (badness 1348) in paragraph at lines 27--28
\TU/lmr/m/n/10.95 las implicaciones políticas y estéticas de la
 []

) (./sections/conclusiones.tex
Underfull \hbox (badness 1968) in paragraph at lines 8--9
[]\TU/lmr/m/n/10.95 El proyecto no tuvo un plan de acción
 []


Underfull \hbox (badness 1694) in paragraph at lines 8--9
\TU/lmr/m/n/10.95 específico para la realización de mediciones
 []


Underfull \hbox (badness 6300) in paragraph at lines 10--11
[]\TU/lmr/m/n/10.95 Sobre las impresiones del público, fue
 []


Underfull \hbox (badness 10000) in paragraph at lines 12--13
[]\TU/lmr/m/n/10.95 La importancia de una infraestructura
 []


Underfull \hbox (badness 7415) in paragraph at lines 14--15
[]\TU/lmr/m/n/10.95 Del lado teórico es necesario convenir
 []


Underfull \hbox (badness 6094) in paragraph at lines 14--15
\TU/lmr/m/n/10.95 y reforzar un corpus de conceptos para
 []


Underfull \hbox (badness 6575) in paragraph at lines 14--15
\TU/lmr/m/n/10.95 la investigación sobre Tecnología Musical.
 []


Underfull \hbox (badness 10000) in paragraph at lines 14--15
\TU/lmr/m/n/10.95 Detección de campos y persectivas de
 []


Underfull \hbox (badness 1082) in paragraph at lines 16--17
[]\TU/lmr/m/n/10.95 Destacamos el giro de los nuevos medios
 []

)
Underfull \hbox (badness 1968) in paragraph at lines 18--60
[]\TU/lmr/m/n/10.95 El rodeo o la realización de un motivo
 []


Underfull \hbox (badness 10000) in paragraph at lines 18--60
\TU/lmr/m/n/10.95 tecnológico como una perspectiva de
 []


Underfull \hbox (badness 6575) in paragraph at lines 18--60
\TU/lmr/m/n/10.95 artes y específicamente, investigación que
 []

(./panorama.ent
Underfull \hbox (badness 4518) in paragraph at lines 22--55
[][]\TU/lmr/m/n/10 ``Plataforma de experimentación y difusión
 []


Underfull \hbox (badness 3525) in paragraph at lines 22--55
\TU/lmr/m/n/10 de proyectos audiovisuales en vivo'' impulsada
 []


Underfull \hbox (badness 1377) in paragraph at lines 22--55
\TU/lmr/m/n/10 por el Laboratorio de Imágenes en Movimiento
 []


Underfull \hbox (badness 1783) in paragraph at lines 22--55
\TU/lmr/m/n/10 del Centro Multimedia del Centro Nacional de
 []


Underfull \hbox (badness 7099) in paragraph at lines 22--55
\TU/lmr/m/n/10 las Artes. [][]$https://www.facebook.com/events/
 []

[9]
Underfull \hbox (badness 10000) in paragraph at lines 73--78
[][][][]$\TU/lmr/m/n/10 https://threecln.piranhalab.cc$[][](Consultado el
 []


Underfull \hbox (badness 10000) in paragraph at lines 80--86
[][][][]$\TU/lmr/m/n/10 https://www.facebook.com/AlgoritmiTorino/
 []


Underfull \hbox (badness 10000) in paragraph at lines 96--106
[][]\TU/lmr/m/n/10 TOPLAP México: VR Algorave
 []


Underfull \hbox (badness 10000) in paragraph at lines 96--106
[][]$\TU/lmr/m/n/10 https://networkmusicfestival.org/programme/
 []


Underfull \hbox (badness 10000) in paragraph at lines 96--106
\TU/lmr/m/n/10 performances/toplap-[]mexico-[]vr-[]algorave/$[][]
 []


Underfull \hbox (badness 10000) in paragraph at lines 108--113
[][][][]$\TU/lmr/m/n/10 https://www.youtube.com/c/Eulerroom/
 []


Underfull \hbox (badness 3690) in paragraph at lines 115--133
\TU/lmr/m/n/10 el April 7, 2021), también: [][]$https://medium.
 []


Underfull \hbox (badness 10000) in paragraph at lines 115--133
\TU/lmr/m/n/10 com/@desyfree/musicaenvivocovid19-[]79e570a8f321$[][]
 []


Underfull \hbox (badness 5091) in paragraph at lines 135--154
\TU/lmr/m/n/10 experiencias de realidad virtual(VR)''. [][]$https://
 []


Underfull \hbox (badness 1642) in paragraph at lines 135--154
\TU/lmr/m/n/10 aframe.io/docs/1.2.0/introduction/$[][] (Consultado el
 []


Underfull \hbox (badness 3679) in paragraph at lines 170--175
[][][][]$\TU/lmr/m/n/10 https://zeyxlab.com/$[][](Consultado el April 7,
 []


Underfull \hbox (badness 1270) in paragraph at lines 226--273
[][]\TU/lmr/m/n/10 ``La API de Audio Web provee un sistema
 []


Underfull \hbox (badness 1661) in paragraph at lines 275--311
[][]\TU/lmr/m/n/10 ``WebAssembly es un nuevo tipo de código
 []


Underfull \hbox (badness 4181) in paragraph at lines 275--311
\TU/lmr/m/n/10 — es un lenguaje de bajo nivel, similar al
 []


Underfull \hbox (badness 3354) in paragraph at lines 275--311
\TU/lmr/m/n/10 lenguaje ensamblador, con un formato binario
 []


Underfull \hbox (badness 2237) in paragraph at lines 314--341
\TU/lmr/m/n/10 hace posible abrir una sesión de comunicación
 []


Underfull \hbox (badness 1072) in paragraph at lines 314--341
\TU/lmr/m/n/10 interactiva entre el navegador del usuario y un
 []


Underfull \hbox (badness 2269) in paragraph at lines 314--341
\TU/lmr/m/n/10 servidor.'' [][]$https://developer.mozilla.org/es/docs/
 []


Underfull \hbox (badness 3803) in paragraph at lines 360--395
\TU/lmr/m/n/10 hayan creado”. [][]$https://www.ffmpeg.org/about.
 []


Underfull \hbox (badness 6141) in paragraph at lines 405--437
[][]\TU/lmr/m/n/10 ``\TU/lmr/m/it/10 The Wayback Machine \TU/lmr/m/n/10 es una 
iniciative
 []


Underfull \hbox (badness 1629) in paragraph at lines 405--437
\TU/lmr/m/n/10 de Internet Archive para construir una librería
 []


Underfull \hbox (badness 1953) in paragraph at lines 405--437
\TU/lmr/m/n/10 digital de sitios de Internet y otros artefactos
 []


Underfull \hbox (badness 2302) in paragraph at lines 439--479
\TU/lmr/m/n/10 virtual nos permite extender nuestro modo de
 []

[10]
Underfull \hbox (badness 4060) in paragraph at lines 577--612
[][]\TU/lmr/m/n/10 ``El término cyberespacio puede ser usado
 []


Underfull \hbox (badness 1888) in paragraph at lines 614--668
[][]\TU/lmr/m/n/10 ``En \TU/lmr/m/it/10 Web Audio\TU/lmr/m/n/10 , espacializacio
nes complejas
 []


Underfull \hbox (badness 10000) in paragraph at lines 614--668
\TU/lmr/m/n/10 developer.mozilla.org/en-[]US/docs/Web/API/Web_
 []


Underfull \hbox (badness 10000) in paragraph at lines 614--668
\TU/lmr/m/n/10 Audio_API/Web_audio_spatialization_basics$[][]
 []


Underfull \hbox (badness 1122) in paragraph at lines 670--751
\TU/lmr/m/n/10 software (poder de procesamiento, capacidad de
 []


Underfull \hbox (badness 1874) in paragraph at lines 670--751
\TU/lmr/m/n/10 impresoras,...) Estos recursos compartidos son
 []

) (./panorama.bbl
Underfull \hbox (badness 10000) in paragraph at lines 34--37
[]\TU/lmr/m/n/10.95 EmilioOcelotl (2020c).  tres-estudios-
 []


Underfull \hbox (badness 10000) in paragraph at lines 39--42
[]\TU/lmr/m/n/10.95 federaciondecodigoalvuelo (2020).
 []


Underfull \hbox (badness 10000) in paragraph at lines 39--42
\TU/lmr/m/n/10.95 en-vivo.  [][]$https://github.com/
 []


Underfull \hbox (badness 10000) in paragraph at lines 44--48
[]\TU/lmr/m/n/10.95 Feminist-Server-Summit (2014).  A
 []


Underfull \hbox (badness 4556) in paragraph at lines 44--48
\TU/lmr/m/n/10.95 feminist server manifesto 0.01.  [][]$https:
 []


Underfull \hbox (badness 10000) in paragraph at lines 44--48
\TU/lmr/m/n/10.95 //areyoubeingserved.constantvzw.org/
 []


Underfull \hbox (badness 5175) in paragraph at lines 67--70
[]\TU/lmr/m/n/10.95 MarianneTeixido (2020).  notasdeausencia.
 []


Underfull \hbox (badness 10000) in paragraph at lines 67--70
[][]$\TU/lmr/m/n/10.95 https://github.com/MarianneTeixido/
 []


Underfull \hbox (badness 5231) in paragraph at lines 77--80
[]\TU/lmr/m/n/10.95 rexmalebka (2020).  p2p-game-networking.
 []


Underfull \hbox (badness 10000) in paragraph at lines 77--80
[][]$\TU/lmr/m/n/10.95 https://github.com/rexmalebka/
 []

[11]) [12

] (./panorama.aux)

Package rerunfilecheck Warning: File `panorama.out' has changed.
(rerunfilecheck)                Rerun to get outlines right
(rerunfilecheck)                or use package `bookmark'.

Package rerunfilecheck Info: Checksums for `panorama.out':
(rerunfilecheck)             Before: F76C1F55E548D8FD2E4ECEE8EFDA073B;51
(rerunfilecheck)             After:  6B0542BE12A06C35B9D96D758B22865A;99.
)

Here is how much of LuaTeX's memory you used:
 11501 strings out of 478824
 100000,552014 words of node,token memory allocated
 860 words of node memory still in use:
   6 hlist, 2 vlist, 2 rule, 1 dir, 2 glue, 4 kern, 1 glyph, 68 attribute, 55 gl
ue_spec, 35 attribute_list, 1 write, 29 pdf_action nodes
   avail lists: 2:780,3:442,4:132,5:399,6:50,7:8824,8:97,9:476,10:11,11:16
 30640 multiletter control sequences out of 65536+600000
 78 fonts using 6965159 bytes
 71i,8n,71p,1970b,484s stack positions out of 5000i,500n,10000p,200000b,200000s
</usr/share/texmf/fonts/opentype/public/lm/lmroman7-regular.otf></usr/share/texm
f/fonts/opentype/public/lm/lmroman8-regular.otf></usr/share/texmf/fonts/opentype
/public/lm/lmroman10-italic.otf></usr/share/texmf/fonts/opentype/public/lm/lmrom
an10-regular.otf></usr/share/texmf/fonts/opentype/public/lm/lmroman10-bolditalic
.otf></usr/share/texmf/fonts/opentype/public/lm/lmroman12-italic.otf></usr/share
/texmf/fonts/opentype/public/lm/lmroman12-bold.otf></usr/share/texmf/fonts/opent
ype/public/lm/lmroman12-regular.otf></usr/share/texmf/fonts/opentype/public/lm/l
mroman17-regular.otf>
Output written on panorama.pdf (12 pages, 95142 bytes).

PDF statistics: 278 PDF objects out of 1000 (max. 8388607)
 234 compressed objects within 3 object streams
 42 named destinations out of 1000 (max. 131072)
 9 words of extra memory for PDF output out of 10000 (max. 100000000)

