This is LuaHBTeX, Version 1.12.0 (TeX Live 2020/Debian)  (format=lualatex 2021.4.2)  7 APR 2021 14:24
 restricted system commands enabled.
**notasypruebas.tex
(./notasypruebas.tex
LaTeX2e <2020-10-01> patch level 4
Lua module: luaotfload 2021-01-08 3.17 Lua based OpenType font support
Lua module: lualibs 2020-12-30 2.73 ConTeXt Lua standard libraries.
Lua module: lualibs-extended 2020-12-30 2.73 ConTeXt Lua libraries -- extended c
ollection.
luaotfload | conf : Root cache directory is "/home/unyxt/.texlive2020/texmf-var/
luatex-cache/generic/names".
luaotfload | init : Loading fontloader "fontloader-2021-01-07.lua" from kpse-res
olved path "/usr/share/texlive/texmf-dist/tex/luatex/luaotfload/fontloader-2021-
01-07.lua".
Lua-only attribute luaotfload@noligature = 1
Lua-only attribute luaotfload@syllabe = 2
luaotfload | init : Context OpenType loader version 0x1.8e76c8b439581p+1
Inserting `luaotfload.node_processor' at position 1 in `pre_linebreak_filter'.
Inserting `luaotfload.node_processor' at position 1 in `hpack_filter'.
Inserting `luaotfload.glyph_stream' at position 1 in `glyph_stream_provider'.
Inserting `luaotfload.define_font' at position 1 in `define_font'.
Lua-only attribute luaotfload_color_attribute = 3
luaotfload | conf : Root cache directory is "/home/unyxt/.texlive2020/texmf-var/
luatex-cache/generic/names".
Inserting `luaotfload.harf.strip_prefix' at position 1 in `find_opentype_file'.
Inserting `luaotfload.harf.strip_prefix' at position 1 in `find_truetype_file'.
Inserting `luaotfload.harf.finalize_vlist' at position 1 in `post_linebreak_filt
er'.
Inserting `luaotfload.harf.finalize_hlist' at position 2 in `hpack_filter'.
Inserting `luaotfload.cleanup_files' at position 1 in `wrapup_run'.
Inserting `luaotfload.harf.finalize_unicode' at position 1 in `finish_pdffile'.
Inserting `luaotfload.glyphinfo' at position 1 in `glyph_info'.
Inserting `luaotfload.aux.set_sscale_dimens' at position 1 in `luaotfload.patch_
font'.
Inserting `luaotfload.aux.set_font_index' at position 2 in `luaotfload.patch_fon
t'.
Inserting `luaotfload.aux.patch_cambria_domh' at position 3 in `luaotfload.patch
_font'.
Inserting `luaotfload.aux.fixup_fontdata' at position 1 in `luaotfload.patch_fon
t_unsafe'.
Inserting `luaotfload.aux.set_capheight' at position 4 in `luaotfload.patch_font
'.
Inserting `luaotfload.aux.set_xheight' at position 5 in `luaotfload.patch_font'.
Inserting `luaotfload.rewrite_fontname' at position 6 in `luaotfload.patch_font'
. L3 programming layer <2021-01-09> xparse <2020-03-03>
! Undefined control sequence.
l.2 \section
          *{Notas y Pruebas} % Espacio para hablar del proyecto de maestría...
The control sequence at the end of the top line
of your error message was never \def'ed. If you have
misspelled it (e.g., `\hobx'), type `I' and the correct
spelling (e.g., `I\hbox'). Otherwise just continue,
and I'll forget about whatever was undefined.


! LaTeX Error: Missing \begin{document}.

See the LaTeX manual or LaTeX Companion for explanation.
Type  H <return>  for immediate help.
 ...                                              
                                                  
l.2 \section*
           {Notas y Pruebas} % Espacio para hablar del proyecto de maestría...
You're in trouble here.  Try typing  <return>  to proceed.
If that doesn't work, type  X <return>  to quit.


Overfull \hbox (20.0pt too wide) in paragraph at lines 2--3
[]*Notas
 []


! LaTeX Error: Missing \begin{document}.

See the LaTeX manual or LaTeX Companion for explanation.
Type  H <return>  for immediate help.
 ...                                              
                                                  
l.6 \textit{Notas de Ausencia}
                             \citep{notasdeausencia} es un ensayo generativo...
You're in trouble here.  Try typing  <return>  to proceed.
If that doesn't work, type  X <return>  to quit.

luaotfload | db : Font names database loaded from /home/unyxt/.texlive2020/texmf
-var/luatex-cache/generic/names/luaotfload-names.luc
! Undefined control sequence.
l.6 \textit{Notas de Ausencia} \citep
                                   {notasdeausencia} es un ensayo generativo...
The control sequence at the end of the top line
of your error message was never \def'ed. If you have
misspelled it (e.g., `\hobx'), type `I' and the correct
spelling (e.g., `I\hbox'). Otherwise just continue,
and I'll forget about whatever was undefined.


Overfull \hbox (36.12pt too wide) in paragraph at lines 6--7
[]\TU/lmr/m/it/10 No-
 []


Overfull \hbox (12.52pt too wide) in paragraph at lines 6--7
\TU/lmr/m/it/10 tas
 []


Overfull \hbox (9.71pt too wide) in paragraph at lines 6--7
\TU/lmr/m/it/10 de
 []


Overfull \hbox (30.18pt too wide) in paragraph at lines 6--7
\TU/lmr/m/it/10 Ausen-
 []


Overfull \hbox (12.78001pt too wide) in paragraph at lines 6--7
\TU/lmr/m/it/10 cia
 []


! LaTeX Error: Missing \begin{document}.

See the LaTeX manual or LaTeX Companion for explanation.
Type  H <return>  for immediate help.
 ...                                              
                                                  
l.8 E
   l tiempo y espacio virtual conforman una partitura para la memoria y la d...
You're in trouble here.  Try typing  <return>  to proceed.
If that doesn't work, type  X <return>  to quit.


Overfull \hbox (20.0pt too wide) in paragraph at lines 8--9
[]El
 []


! LaTeX Error: Missing \begin{document}.

See the LaTeX manual or LaTeX Companion for explanation.
Type  H <return>  for immediate help.
 ...                                              
                                                  
l.10 L
    a narrativa de la pieza está articulada mediante la intervención de do...
You're in trouble here.  Try typing  <return>  to proceed.
If that doesn't work, type  X <return>  to quit.

LaTeX Font Info:    External font `cmex10' loaded for size
(Font)              <7> on input line 10.
LaTeX Font Info:    External font `cmex10' loaded for size
(Font)              <5> on input line 10.
! Undefined control sequence.
\@footnotetext ...tins {\reset@font \footnotesize 
                                                  \interlinepenalty \interfo...
l.10 ...r.com/notasausencia} (Consultado el \today)}
                                                   Así como con un bot de g...
The control sequence at the end of the top line
of your error message was never \def'ed. If you have
misspelled it (e.g., `\hobx'), type `I' and the correct
spelling (e.g., `I\hbox'). Otherwise just continue,
and I'll forget about whatever was undefined.

! Undefined control sequence.
\@footnotetext ...}\color@begingroup \@makefntext 
                                                  {\rule \z@ \footnotesep \i...
l.10 ...r.com/notasausencia} (Consultado el \today)}
                                                   Así como con un bot de g...
The control sequence at the end of the top line
of your error message was never \def'ed. If you have
misspelled it (e.g., `\hobx'), type `I' and the correct
spelling (e.g., `I\hbox'). Otherwise just continue,
and I'll forget about whatever was undefined.

! Undefined control sequence.
<argument> \url 
     {https://twitter.com/notasausencia} (Consultado el \today )
l.10 ...r.com/notasausencia} (Consultado el \today)}
                                                   Así como con un bot de g...
The control sequence at the end of the top line
of your error message was never \def'ed. If you have
misspelled it (e.g., `\hobx'), type `I' and the correct
spelling (e.g., `I\hbox'). Otherwise just continue,
and I'll forget about whatever was undefined.

! Undefined control sequence.
<argument> ...itter.com/notasausencia} (Consultado el \today 
                                                  )
l.10 ...r.com/notasausencia} (Consultado el \today)}
                                                   Así como con un bot de g...
The control sequence at the end of the top line
of your error message was never \def'ed. If you have
misspelled it (e.g., `\hobx'), type `I' and the correct
spelling (e.g., `I\hbox'). Otherwise just continue,
and I'll forget about whatever was undefined.


Overfull \hbox (56.17pt too wide) in paragraph at lines 10--10
[][]\TU/lmr/m/n/10 https://twit-
 []


Overfull \hbox (51.69pt too wide) in paragraph at lines 10--10
\TU/lmr/m/n/10 ter.com/no-
 []


Overfull \hbox (40.66pt too wide) in paragraph at lines 10--10
\TU/lmr/m/n/10 tasausen-
 []


Overfull \hbox (12.22pt too wide) in paragraph at lines 10--10
\TU/lmr/m/n/10 cia
 []


Overfull \hbox (25.0pt too wide) in paragraph at lines 10--10
\TU/lmr/m/n/10 (Con-
 []


Overfull \hbox (15.61pt too wide) in paragraph at lines 10--10
\TU/lmr/m/n/10 sul-
 []


Overfull \hbox (19.45pt too wide) in paragraph at lines 10--10
\TU/lmr/m/n/10 tado
 []


Overfull \hbox (7.22pt too wide) in paragraph at lines 10--10
\TU/lmr/m/n/10 el
 []


Overfull \hbox (3.89pt too wide) in paragraph at lines 10--10
\TU/lmr/m/n/10 )| 
 []


Overfull \hbox (20.0pt too wide) in paragraph at lines 10--11
[]La
 []


Overfull \hbox (4.483pt too wide) in paragraph at lines 10--11
otros.[]
 []


! LaTeX Error: Missing \begin{document}.

See the LaTeX manual or LaTeX Companion for explanation.
Type  H <return>  for immediate help.
 ...                                              
                                                  
l.12 E
    sta exploración permitió a Marianne Teixido en colaboración con \text...
You're in trouble here.  Try typing  <return>  to proceed.
If that doesn't work, type  X <return>  to quit.


Overfull \hbox (20.0pt too wide) in paragraph at lines 12--13
[]Esta
 []


Overfull \hbox (13.43001pt too wide) in paragraph at lines 12--13
\TU/lmr/m/it/10 Pi-
 []


Overfull \hbox (18.02pt too wide) in paragraph at lines 12--13
\TU/lmr/m/it/10 ran-
 []


Overfull \hbox (25.69002pt too wide) in paragraph at lines 12--13
\TU/lmr/m/it/10 haLab
 []


! LaTeX Error: Missing \begin{document}.

See the LaTeX manual or LaTeX Companion for explanation.
Type  H <return>  for immediate help.
 ...                                              
                                                  
l.14 \textit{Pruebas Proféticas}
                                fue el evento piloto que implementó por pri...
You're in trouble here.  Try typing  <return>  to proceed.
If that doesn't work, type  X <return>  to quit.


Overfull \hbox (44.55pt too wide) in paragraph at lines 14--15
[]\TU/lmr/m/it/10 Prue-
 []


Overfull \hbox (13.29001pt too wide) in paragraph at lines 14--15
\TU/lmr/m/it/10 bas
 []


Overfull \hbox (33.24004pt too wide) in paragraph at lines 14--15
\TU/lmr/m/it/10 Proféti-
 []


Overfull \hbox (13.29001pt too wide) in paragraph at lines 14--15
\TU/lmr/m/it/10 cas
 []


Overfull \hbox (32.08002pt too wide) in paragraph at lines 14--15
\TU/lmr/m/it/10 stream-
 []


Overfull \hbox (13.29001pt too wide) in paragraph at lines 14--15
\TU/lmr/m/it/10 ing
 []


! LaTeX Error: Missing \begin{document}.

See the LaTeX manual or LaTeX Companion for explanation.
Type  H <return>  for immediate help.
 ...                                              
                                                  
l.16 E
    ste espacio de prueba consistió en un incipiente modo de exploración c...
You're in trouble here.  Try typing  <return>  to proceed.
If that doesn't work, type  X <return>  to quit.


Overfull \hbox (20.0pt too wide) in paragraph at lines 16--17
[]Este
 []


! LaTeX Error: Missing \begin{document}.

See the LaTeX manual or LaTeX Companion for explanation.
Type  H <return>  for immediate help.
 ...                                              
                                                  
l.18 L
    a transmisión de audio y video fue un aspecto que el planteamiento de \...
You're in trouble here.  Try typing  <return>  to proceed.
If that doesn't work, type  X <return>  to quit.


Overfull \hbox (20.0pt too wide) in paragraph at lines 18--19
[]La
 []


Overfull \hbox (13.43001pt too wide) in paragraph at lines 18--19
\TU/lmr/m/it/10 Pi-
 []


Overfull \hbox (18.02pt too wide) in paragraph at lines 18--19
\TU/lmr/m/it/10 ran-
 []


Overfull \hbox (25.69002pt too wide) in paragraph at lines 18--19
\TU/lmr/m/it/10 haLab
 []


! LaTeX Error: Missing \begin{document}.

See the LaTeX manual or LaTeX Companion for explanation.
Type  H <return>  for immediate help.
 ...                                              
                                                  
l.20 L
    a concatenación de software estuvo delimitado por la experiencia de usu...
You're in trouble here.  Try typing  <return>  to proceed.
If that doesn't work, type  X <return>  to quit.


Overfull \hbox (20.0pt too wide) in paragraph at lines 20--21
[]La
 []


! LaTeX Error: Missing \begin{document}.

See the LaTeX manual or LaTeX Companion for explanation.
Type  H <return>  for immediate help.
 ...                                              
                                                  
l.22 E
    l segundo tipo de agente fue el público que navegaba en el espacio y qu...
You're in trouble here.  Try typing  <return>  to proceed.
If that doesn't work, type  X <return>  to quit.


Overfull \hbox (20.0pt too wide) in paragraph at lines 22--23
[]El
 []


! LaTeX Error: Missing \begin{document}.

See the LaTeX manual or LaTeX Companion for explanation.
Type  H <return>  for immediate help.
 ...                                              
                                                  
l.24 U
    n tercer tipo de agente se involucró con los aspectos fuera del escenar...
You're in trouble here.  Try typing  <return>  to proceed.
If that doesn't work, type  X <return>  to quit.


Overfull \hbox (20.0pt too wide) in paragraph at lines 24--25
[]Un
 []


Overfull \hbox (18.65001pt too wide) in paragraph at lines 24--25
\TU/lmr/m/it/10 staff\nullfont .
 []


Overfull \hbox (13.43001pt too wide) in paragraph at lines 24--25
\TU/lmr/m/it/10 Pi-
 []


Overfull \hbox (18.02pt too wide) in paragraph at lines 24--25
\TU/lmr/m/it/10 ran-
 []


Overfull \hbox (25.69002pt too wide) in paragraph at lines 24--25
\TU/lmr/m/it/10 haLab
 []


! LaTeX Error: Missing \begin{document}.

See the LaTeX manual or LaTeX Companion for explanation.
Type  H <return>  for immediate help.
 ...                                              
                                                  
l.26 L
    a experiencia con \textit{Pruebas Proféticas} abrió camino para el dis...
You're in trouble here.  Try typing  <return>  to proceed.
If that doesn't work, type  X <return>  to quit.


Overfull \hbox (20.0pt too wide) in paragraph at lines 26--27
[]La
 []


Overfull \hbox (24.55pt too wide) in paragraph at lines 26--27
\TU/lmr/m/it/10 Prue-
 []


Overfull \hbox (13.29001pt too wide) in paragraph at lines 26--27
\TU/lmr/m/it/10 bas
 []


Overfull \hbox (33.24004pt too wide) in paragraph at lines 26--27
\TU/lmr/m/it/10 Proféti-
 []


Overfull \hbox (13.29001pt too wide) in paragraph at lines 26--27
\TU/lmr/m/it/10 cas
 []


Overfull \hbox (34.47pt too wide) in paragraph at lines 26--27
\TU/lmr/m/it/10 EDGES
 []


Overfull \hbox (16.12pt too wide) in paragraph at lines 26--27
\TU/lmr/m/it/10 No-
 []


Overfull \hbox (12.52pt too wide) in paragraph at lines 26--27
\TU/lmr/m/it/10 tas
 []


Overfull \hbox (9.71pt too wide) in paragraph at lines 26--27
\TU/lmr/m/it/10 de
 []


Overfull \hbox (30.18pt too wide) in paragraph at lines 26--27
\TU/lmr/m/it/10 Ausen-
 []


Overfull \hbox (12.78001pt too wide) in paragraph at lines 26--27
\TU/lmr/m/it/10 cia\nullfont ,
 []


Overfull \hbox (34.47pt too wide) in paragraph at lines 26--27
\TU/lmr/m/it/10 EDGES
 []


Overfull \hbox (20.44pt too wide) in paragraph at lines 26--27
\TU/lmr/m/it/10 2020
 []

)
! Emergency stop.
<*> notasypruebas.tex
                  
*** (job aborted, no legal \end found)



Here is how much of LuaTeX's memory you used:
 26 strings out of 478824
 100000,383344 words of node,token memory allocated 34693 words of node memory still in use:
   93 hlist, 2 rule, 1 ins, 22 disc, 13 local_par, 1 dir, 2 math, 794 glue, 30 k
ern, 55 penalty, 3882 glyph, 1 page_insert, 45 attribute, 39 glue_spec, 45 attri
bute_list nodes
   avail lists: 2:5,4:95,5:1,7:151,8:2,10:94
 19812 multiletter control sequences out of 65536+600000
 35 fonts using 3532991 bytes
 24i,5n,15p,1093b,98s stack positions out of 5000i,500n,10000p,200000b,200000s
!  ==> Fatal error occurred, no output PDF file produced!
